<?xml version="1.0" encoding="UTF-8"?>
<!-- Generated by org.testng.reporters.JUnitReportReporter -->
<testsuite hostname="ridwan-PC" name="SmokeTest" tests="1" failures="0" timestamp="18 Jun 2014 00:13:56 GMT" time="25.054" errors="0">
  <testcase name="rightClick" time="25.054" classname="SmokeTest"/>
</testsuite> <!-- SmokeTest -->
