<?xml version="1.0" encoding="UTF-8"?>
<!-- Generated by org.testng.reporters.JUnitReportReporter -->
<testsuite hostname="ridwan-PC" name="com.bit.testng.TestngExample" tests="2" failures="0" timestamp="8 Jun 2014 19:56:23 GMT" time="0.043" errors="0">
  <testcase name="foysal7" time="0.005" classname="com.bit.testng.TestngExample"/>
  <testcase name="foysal3" time="0.038" classname="com.bit.testng.TestngExample"/>
</testsuite> <!-- com.bit.testng.TestngExample -->
