<?xml version="1.0" encoding="UTF-8"?>
<!-- Generated by org.testng.reporters.JUnitReportReporter -->
<testsuite hostname="Admin-PC" name="com.bit.testng.TestngExample" tests="9" failures="0" timestamp="9 Jun 2014 00:59:28 GMT" time="0.050" errors="0">
  <testcase name="foysal8" time="0.010" classname="com.bit.testng.TestngExample"/>
  <testcase name="foysal10" time="0.020" classname="com.bit.testng.TestngExample"/>
  <testcase name="foysal2" time="0.000" classname="com.bit.testng.TestngExample"/>
  <testcase name="foysal9" time="0.000" classname="com.bit.testng.TestngExample"/>
  <testcase name="foysal4" time="0.000" classname="com.bit.testng.TestngExample"/>
  <testcase name="foysal5" time="0.010" classname="com.bit.testng.TestngExample"/>
  <testcase name="foysal6" time="0.010" classname="com.bit.testng.TestngExample"/>
  <testcase name="foysal7" time="0.000" classname="com.bit.testng.TestngExample"/>
  <testcase name="foysal3" time="0.000" classname="com.bit.testng.TestngExample"/>
</testsuite> <!-- com.bit.testng.TestngExample -->
